[2022:12:07 14:32:52] Copying system default config to 25_11_22_out/config.yaml
[2022:12:07 14:32:52] Updating config file with new values
[2022:12:07 14:32:52] Writing config file to 25_11_22_out/config.yaml
[2022:12:07 14:32:52] ------------------
[2022:12:07 14:32:52] | Runtime config |
[2022:12:07 14:32:52] ------------------

BigJobCpu: 16
BigJobMem: 32000
BigTime: 300
MediumTime: 120
SmallJobCpu: 1
SmallJobMem: 4000
SmallTime: 5
flyeModel: --nano-hq
input: complete_metadata.csv
log: 25_11_22_out/hybracter.log
long: true
medakaModel: r941_min_sup_g507
min_length: 1500
min_quality: 9
output: 25_11_22_out
polca: false
threads: 16

[2022:12:07 14:32:52] ---------------------
[2022:12:07 14:32:52] | Snakemake command |
[2022:12:07 14:32:52] ---------------------

snakemake -s /Users/a1667917/Documents/hybracter/hybracter/workflow/Snakefile --configfile 25_11_22_out/config.yaml --jobs 1 --use-conda --conda-prefix /Users/a1667917/Documents/hybracter/hybracter/workflow/conda --rerun-incomplete --printshellcmds --nolock --show-failed-logs --conda-frontend mamba --conda-frontend conda --dry-run
[2022:12:07 14:32:53] ERROR: Snakemake failed
